#
# A fatal error has been detected by the Java Runtime Environment:
#
#  Internal Error (sharedRuntime.cpp:997), pid=18588, tid=7232
#  guarantee((retry_count++ < 100)) failed: Could not resolve to latest version of redefined method
#
# JRE version: 6.0_24-b07
# Java VM: Java HotSpot(TM) Client VM (19.1-b02 mixed mode, sharing windows-x86 )
# If you would like to submit a bug report, please visit:
#   http://java.sun.com/webapps/bugreport/crash.jsp
#

---------------  T H R E A D  ---------------

Current thread (0x045b7400):  JavaThread "New I/O server worker #1-2" [_thread_in_vm, id=7232, stack(0x05080000,0x050d0000)]

Stack: [0x05080000,0x050d0000],  sp=0x050ce94c,  free space=314k
Native frames: (J=compiled Java code, j=interpreted, Vv=VM code, C=native code)
V  [jvm.dll+0x1fa487]
V  [jvm.dll+0xa32dc]
V  [jvm.dll+0x1a9e72]
V  [jvm.dll+0x1aa171]
v  ~RuntimeStub::resolve_virtual_call
J  java.util.regex.Pattern$Branch.match(Ljava/util/regex/Matcher;ILjava/lang/CharSequence;)Z
j  java.util.regex.Pattern$BmpCharProperty.match(Ljava/util/regex/Matcher;ILjava/lang/CharSequence;)Z+40
j  java.util.regex.Pattern$GroupHead.match(Ljava/util/regex/Matcher;ILjava/lang/CharSequence;)Z+37
j  java.util.regex.Pattern$Branch.match(Ljava/util/regex/Matcher;ILjava/lang/CharSequence;)Z+68
j  java.util.regex.Pattern$GroupTail.match(Ljava/util/regex/Matcher;ILjava/lang/CharSequence;)Z+79
J  java.util.regex.Pattern$Curly.match0(Ljava/util/regex/Matcher;IILjava/lang/CharSequence;)Z
j  java.util.regex.Pattern$GroupHead.match(Ljava/util/regex/Matcher;ILjava/lang/CharSequence;)Z+37
J  java.util.regex.Pattern$Curly.match0(Ljava/util/regex/Matcher;IILjava/lang/CharSequence;)Z
j  java.util.regex.Pattern$Loop.matchInit(Ljava/util/regex/Matcher;ILjava/lang/CharSequence;)Z+98
j  java.util.regex.Pattern$Prolog.match(Ljava/util/regex/Matcher;ILjava/lang/CharSequence;)Z+16
j  java.util.regex.Pattern$Start.match(Ljava/util/regex/Matcher;ILjava/lang/CharSequence;)Z+65
J  java.util.regex.Matcher.search(I)Z
j  org.jboss.netty.handler.codec.http.CookieDecoder.extractKeyValuePairs(Ljava/lang/String;Ljava/util/List;Ljava/util/List;)V+39
j  org.jboss.netty.handler.codec.http.CookieDecoder.decode(Ljava/lang/String;)Ljava/util/Set;+62
j  fr.xebia.usiquizz.server.http.netty.rest.RestService.writeResponseWithoutClose(Lorg/jboss/netty/handler/codec/http/HttpResponseStatus;Lorg/jboss/netty/channel/ChannelHandlerContext;Lorg/jboss/netty/channel/MessageEvent;)Lorg/jboss/netty/handler/codec/http/HttpResponse;+98
j  fr.xebia.usiquizz.server.http.netty.rest.JsonQuestionRestService.get(Ljava/lang/String;Lorg/jboss/netty/channel/ChannelHandlerContext;Lorg/jboss/netty/channel/MessageEvent;)V+189
j  fr.xebia.usiquizz.server.http.netty.rest.RestRequestHandler.messageReceived(Ljava/lang/String;Lorg/jboss/netty/channel/ChannelHandlerContext;Lorg/jboss/netty/channel/MessageEvent;)V+78
j  fr.xebia.usiquizz.server.http.netty.HttpRequestHandler.messageReceived(Lorg/jboss/netty/channel/ChannelHandlerContext;Lorg/jboss/netty/channel/MessageEvent;)V+54
J  org.jboss.netty.channel.SimpleChannelUpstreamHandler.handleUpstream(Lorg/jboss/netty/channel/ChannelHandlerContext;Lorg/jboss/netty/channel/ChannelEvent;)V
J  org.jboss.netty.channel.SimpleChannelHandler.handleUpstream(Lorg/jboss/netty/channel/ChannelHandlerContext;Lorg/jboss/netty/channel/ChannelEvent;)V
J  org.jboss.netty.channel.SimpleChannelUpstreamHandler.handleUpstream(Lorg/jboss/netty/channel/ChannelHandlerContext;Lorg/jboss/netty/channel/ChannelEvent;)V
j  org.jboss.netty.handler.codec.replay.ReplayingDecoder.unfoldAndfireMessageReceived(Lorg/jboss/netty/channel/ChannelHandlerContext;Ljava/lang/Object;Ljava/net/SocketAddress;)V+123
j  org.jboss.netty.handler.codec.replay.ReplayingDecoder.callDecode(Lorg/jboss/netty/channel/ChannelHandlerContext;Lorg/jboss/netty/channel/Channel;Lorg/jboss/netty/buffer/ChannelBuffer;Ljava/net/SocketAddress;)V+228
j  org.jboss.netty.handler.codec.replay.ReplayingDecoder.messageReceived(Lorg/jboss/netty/channel/ChannelHandlerContext;Lorg/jboss/netty/channel/MessageEvent;)V+105
J  org.jboss.netty.channel.SimpleChannelUpstreamHandler.handleUpstream(Lorg/jboss/netty/channel/ChannelHandlerContext;Lorg/jboss/netty/channel/ChannelEvent;)V
j  org.jboss.netty.channel.Channels.fireMessageReceived(Lorg/jboss/netty/channel/Channel;Ljava/lang/Object;)V+12
j  org.jboss.netty.channel.socket.nio.NioWorker.read(Ljava/nio/channels/SelectionKey;)Z+187
j  org.jboss.netty.channel.socket.nio.NioWorker.processSelectedKeys(Ljava/util/Set;)V+61
j  org.jboss.netty.channel.socket.nio.NioWorker.run()V+102
j  org.jboss.netty.util.ThreadRenamingRunnable.run()V+64
j  org.jboss.netty.util.internal.IoWorkerRunnable.run()V+22
j  java.util.concurrent.ThreadPoolExecutor$Worker.runTask(Ljava/lang/Runnable;)V+68
j  java.util.concurrent.ThreadPoolExecutor$Worker.run()V+37
j  java.lang.Thread.run()V+20
v  ~StubRoutines::call_stub
V  [jvm.dll+0xf0ab9]
V  [jvm.dll+0x1837d1]
V  [jvm.dll+0xf0c61]
V  [jvm.dll+0xf0cbb]
V  [jvm.dll+0x11b4b9]
V  [jvm.dll+0x1e4624]
V  [jvm.dll+0x18317c]
C  [msvcr71.dll+0x9565]
C  [kernel32.dll+0x51194]
C  [ntdll.dll+0x5b429]
C  [ntdll.dll+0x5b3fc]

Java frames: (J=compiled Java code, j=interpreted, Vv=VM code)
v  ~RuntimeStub::resolve_virtual_call
J  java.util.regex.Pattern$Branch.match(Ljava/util/regex/Matcher;ILjava/lang/CharSequence;)Z
j  java.util.regex.Pattern$GroupHead.match(Ljava/util/regex/Matcher;ILjava/lang/CharSequence;)Z+37
j  java.util.regex.Pattern$BmpCharProperty.match(Ljava/util/regex/Matcher;ILjava/lang/CharSequence;)Z+40
j  java.util.regex.Pattern$GroupHead.match(Ljava/util/regex/Matcher;ILjava/lang/CharSequence;)Z+37
j  java.util.regex.Pattern$Branch.match(Ljava/util/regex/Matcher;ILjava/lang/CharSequence;)Z+68
j  java.util.regex.Pattern$GroupTail.match(Ljava/util/regex/Matcher;ILjava/lang/CharSequence;)Z+79
J  java.util.regex.Pattern$Curly.match0(Ljava/util/regex/Matcher;IILjava/lang/CharSequence;)Z
j  java.util.regex.Pattern$Curly.match(Ljava/util/regex/Matcher;ILjava/lang/CharSequence;)Z+72
j  java.util.regex.Pattern$GroupHead.match(Ljava/util/regex/Matcher;ILjava/lang/CharSequence;)Z+37
J  java.util.regex.Pattern$Curly.match0(Ljava/util/regex/Matcher;IILjava/lang/CharSequence;)Z
j  java.util.regex.Pattern$Curly.match(Ljava/util/regex/Matcher;ILjava/lang/CharSequence;)Z+72
j  java.util.regex.Pattern$Loop.matchInit(Ljava/util/regex/Matcher;ILjava/lang/CharSequence;)Z+98
j  java.util.regex.Pattern$Prolog.match(Ljava/util/regex/Matcher;ILjava/lang/CharSequence;)Z+16
j  java.util.regex.Pattern$Start.match(Ljava/util/regex/Matcher;ILjava/lang/CharSequence;)Z+65
J  java.util.regex.Matcher.search(I)Z
j  java.util.regex.Matcher.find(I)Z+57
j  org.jboss.netty.handler.codec.http.CookieDecoder.extractKeyValuePairs(Ljava/lang/String;Ljava/util/List;Ljava/util/List;)V+39
j  org.jboss.netty.handler.codec.http.CookieDecoder.decode(Ljava/lang/String;)Ljava/util/Set;+62
j  fr.xebia.usiquizz.server.http.netty.rest.RestService.writeResponseWithoutClose(Lorg/jboss/netty/handler/codec/http/HttpResponseStatus;Lorg/jboss/netty/channel/ChannelHandlerContext;Lorg/jboss/netty/channel/MessageEvent;)Lorg/jboss/netty/handler/codec/http/HttpResponse;+98
j  fr.xebia.usiquizz.server.http.netty.rest.JsonQuestionRestService.get(Ljava/lang/String;Lorg/jboss/netty/channel/ChannelHandlerContext;Lorg/jboss/netty/channel/MessageEvent;)V+189
j  fr.xebia.usiquizz.server.http.netty.rest.RestRequestHandler.messageReceived(Ljava/lang/String;Lorg/jboss/netty/channel/ChannelHandlerContext;Lorg/jboss/netty/channel/MessageEvent;)V+78
j  fr.xebia.usiquizz.server.http.netty.HttpRequestHandler.messageReceived(Lorg/jboss/netty/channel/ChannelHandlerContext;Lorg/jboss/netty/channel/MessageEvent;)V+54
J  org.jboss.netty.channel.SimpleChannelUpstreamHandler.handleUpstream(Lorg/jboss/netty/channel/ChannelHandlerContext;Lorg/jboss/netty/channel/ChannelEvent;)V
J  org.jboss.netty.channel.DefaultChannelPipeline.sendUpstream(Lorg/jboss/netty/channel/DefaultChannelPipeline$DefaultChannelHandlerContext;Lorg/jboss/netty/channel/ChannelEvent;)V
J  org.jboss.netty.channel.DefaultChannelPipeline$DefaultChannelHandlerContext.sendUpstream(Lorg/jboss/netty/channel/ChannelEvent;)V
j  org.jboss.netty.handler.codec.http.HttpContentEncoder.messageReceived(Lorg/jboss/netty/channel/ChannelHandlerContext;Lorg/jboss/netty/channel/MessageEvent;)V+117
J  org.jboss.netty.channel.SimpleChannelHandler.handleUpstream(Lorg/jboss/netty/channel/ChannelHandlerContext;Lorg/jboss/netty/channel/ChannelEvent;)V
J  org.jboss.netty.channel.DefaultChannelPipeline.sendUpstream(Lorg/jboss/netty/channel/DefaultChannelPipeline$DefaultChannelHandlerContext;Lorg/jboss/netty/channel/ChannelEvent;)V
J  org.jboss.netty.channel.DefaultChannelPipeline$DefaultChannelHandlerContext.sendUpstream(Lorg/jboss/netty/channel/ChannelEvent;)V
j  org.jboss.netty.handler.codec.http.HttpChunkAggregator.messageReceived(Lorg/jboss/netty/channel/ChannelHandlerContext;Lorg/jboss/netty/channel/MessageEvent;)V+169
J  org.jboss.netty.channel.SimpleChannelUpstreamHandler.handleUpstream(Lorg/jboss/netty/channel/ChannelHandlerContext;Lorg/jboss/netty/channel/ChannelEvent;)V
J  org.jboss.netty.channel.DefaultChannelPipeline.sendUpstream(Lorg/jboss/netty/channel/DefaultChannelPipeline$DefaultChannelHandlerContext;Lorg/jboss/netty/channel/ChannelEvent;)V
J  org.jboss.netty.channel.DefaultChannelPipeline$DefaultChannelHandlerContext.sendUpstream(Lorg/jboss/netty/channel/ChannelEvent;)V
j  org.jboss.netty.channel.Channels.fireMessageReceived(Lorg/jboss/netty/channel/ChannelHandlerContext;Ljava/lang/Object;Ljava/net/SocketAddress;)V+42
j  org.jboss.netty.handler.codec.replay.ReplayingDecoder.unfoldAndfireMessageReceived(Lorg/jboss/netty/channel/ChannelHandlerContext;Ljava/lang/Object;Ljava/net/SocketAddress;)V+123
j  org.jboss.netty.handler.codec.replay.ReplayingDecoder.callDecode(Lorg/jboss/netty/channel/ChannelHandlerContext;Lorg/jboss/netty/channel/Channel;Lorg/jboss/netty/buffer/ChannelBuffer;Ljava/net/SocketAddress;)V+228
j  org.jboss.netty.handler.codec.replay.ReplayingDecoder.messageReceived(Lorg/jboss/netty/channel/ChannelHandlerContext;Lorg/jboss/netty/channel/MessageEvent;)V+105
J  org.jboss.netty.channel.SimpleChannelUpstreamHandler.handleUpstream(Lorg/jboss/netty/channel/ChannelHandlerContext;Lorg/jboss/netty/channel/ChannelEvent;)V
J  org.jboss.netty.channel.DefaultChannelPipeline.sendUpstream(Lorg/jboss/netty/channel/DefaultChannelPipeline$DefaultChannelHandlerContext;Lorg/jboss/netty/channel/ChannelEvent;)V
J  org.jboss.netty.channel.DefaultChannelPipeline.sendUpstream(Lorg/jboss/netty/channel/ChannelEvent;)V
j  org.jboss.netty.channel.Channels.fireMessageReceived(Lorg/jboss/netty/channel/Channel;Ljava/lang/Object;Ljava/net/SocketAddress;)V+42
j  org.jboss.netty.channel.Channels.fireMessageReceived(Lorg/jboss/netty/channel/Channel;Ljava/lang/Object;)V+12
j  org.jboss.netty.channel.socket.nio.NioWorker.read(Ljava/nio/channels/SelectionKey;)Z+187
j  org.jboss.netty.channel.socket.nio.NioWorker.processSelectedKeys(Ljava/util/Set;)V+61
j  org.jboss.netty.channel.socket.nio.NioWorker.run()V+102
j  org.jboss.netty.util.ThreadRenamingRunnable.run()V+64
j  org.jboss.netty.util.internal.IoWorkerRunnable.run()V+22
j  java.util.concurrent.ThreadPoolExecutor$Worker.runTask(Ljava/lang/Runnable;)V+68
j  java.util.concurrent.ThreadPoolExecutor$Worker.run()V+37
j  java.lang.Thread.run()V+20
v  ~StubRoutines::call_stub

---------------  P R O C E S S  ---------------

Java Threads: ( => current thread )
  0x045b8800 JavaThread "admin - cleaner" daemon [_thread_blocked, id=9212, stack(0x06fd0000,0x07020000)]
  0x045b8000 JavaThread "New I/O server worker #1-4" [_thread_in_native, id=8108, stack(0x06f80000,0x06fd0000)]
  0x045b7c00 JavaThread "New I/O server worker #1-3" [_thread_in_native, id=3856, stack(0x05d60000,0x05db0000)]
=>0x045b7400 JavaThread "New I/O server worker #1-2" [_thread_in_vm, id=7232, stack(0x05080000,0x050d0000)]
  0x045b5c00 JavaThread "New I/O server worker #1-1" [_thread_in_native, id=3304, stack(0x04ea0000,0x04ef0000)]
  0x045b6800 JavaThread "YJPAgent-RequestListener" daemon [_thread_in_native, id=9996, stack(0x05510000,0x05560000)]
  0x045b6000 JavaThread "YJPAgent-Telemetry" daemon [_thread_blocked, id=3480, stack(0x052a0000,0x052f0000)]
  0x044cac00 JavaThread "YJPAgent-OOMESnapshotDetector" daemon [_thread_in_native, id=2372, stack(0x05120000,0x05170000)]
  0x044ca800 JavaThread "YJPAgent-CPUSampler" daemon [_thread_blocked, id=4352, stack(0x050d0000,0x05120000)]
  0x045b5400 JavaThread "DestroyJavaVM" [_thread_blocked, id=19316, stack(0x003b0000,0x00400000)]
  0x045b5000 JavaThread "New I/O server boss #1 ([id: 0x00676e3f, /0.0.0.0:8080])" [_thread_in_native, id=13220, stack(0x05030000,0x05080000)]
  0x045b4800 JavaThread "Timer-2" daemon [_thread_blocked, id=15756, stack(0x04fe0000,0x05030000)]
  0x045b4400 JavaThread "Timer-1" daemon [_thread_blocked, id=860, stack(0x04f90000,0x04fe0000)]
  0x045b3c00 JavaThread "GlobalTXTimeoutMonitor" daemon [_thread_blocked, id=12652, stack(0x04f40000,0x04f90000)]
  0x045b3800 JavaThread "Thread-3 StatSampler" daemon [_thread_in_native, id=17640, stack(0x04ef0000,0x04f40000)]
  0x045b2c00 JavaThread "DM-MemberEventInvoker" daemon [_thread_blocked, id=4200, stack(0x04e50000,0x04ea0000)]
  0x045b2400 JavaThread "FD_SOCK listener thread" daemon [_thread_in_native, id=10620, stack(0x04e00000,0x04e50000)]
  0x045b2000 JavaThread "UDP mcast receiver" daemon [_thread_in_native, id=7052, stack(0x04db0000,0x04e00000)]
  0x045b1800 JavaThread "UDP ucast receiver" daemon [_thread_in_native, id=11644, stack(0x04d60000,0x04db0000)]
  0x045b1400 JavaThread "UDP Incoming Message Handler" daemon [_thread_blocked, id=7676, stack(0x04d10000,0x04d60000)]
  0x045b0c00 JavaThread "TimeScheduler.Thread" daemon [_thread_blocked, id=9444, stack(0x04cc0000,0x04d10000)]
  0x044e6400 JavaThread "P2P Listener Thread tcp:///192.168.0.40:54577" daemon [_thread_in_native, id=10520, stack(0x04a10000,0x04a60000)]
  0x044b2400 JavaThread "Timer-0" daemon [_thread_blocked, id=2696, stack(0x049c0000,0x04a10000)]
  0x04473800 JavaThread "SystemFailure Proctor" daemon [_thread_blocked, id=6620, stack(0x04930000,0x04980000)]
  0x045bd800 JavaThread "SystemFailure WatchDog" daemon [_thread_blocked, id=8752, stack(0x048d0000,0x04920000)]
  0x044d5400 JavaThread "Function Execution Processor0" daemon [_thread_blocked, id=6212, stack(0x04880000,0x048d0000)]
  0x044b1c00 JavaThread "PartitionedRegion Message Processor0" daemon [_thread_blocked, id=12488, stack(0x04830000,0x04880000)]
  0x044ab400 JavaThread "Pooled High Priority Message Processor 0" daemon [_thread_blocked, id=6536, stack(0x04370000,0x043c0000)]
  0x04047800 JavaThread "Pooled Message Processor 0" daemon [_thread_blocked, id=8080, stack(0x04320000,0x04370000)]
  0x0445b000 JavaThread "quizz-db - cleaner" daemon [_thread_blocked, id=4220, stack(0x04220000,0x04270000)]
  0x03fe0400 JavaThread "Monitor Ctrl-Break" daemon [_thread_in_native, id=12908, stack(0x04050000,0x040a0000)]
  0x0198f000 JavaThread "Low Memory Detector" daemon [_thread_blocked, id=10132, stack(0x03db0000,0x03e00000)]
  0x01983400 JavaThread "CompilerThread0" daemon [_thread_blocked, id=12556, stack(0x03d60000,0x03db0000)]
  0x01982c00 JavaThread "Attach Listener" daemon [_thread_blocked, id=5216, stack(0x03d10000,0x03d60000)]
  0x01978400 JavaThread "Signal Dispatcher" daemon [_thread_blocked, id=19348, stack(0x03cc0000,0x03d10000)]
  0x0196f800 JavaThread "Finalizer" daemon [_thread_blocked, id=16848, stack(0x03c70000,0x03cc0000)]
  0x0196e000 JavaThread "Reference Handler" daemon [_thread_blocked, id=9960, stack(0x03c20000,0x03c70000)]

Other Threads:
  0x01931c00 VMThread [stack: 0x03bd0000,0x03c20000] [id=16232]
  0x01999800 WatcherThread [stack: 0x03e00000,0x03e50000] [id=6372]

VM state:not at safepoint (normal execution)

VM Mutex/Monitor currently owned by a thread: None

Heap
 def new generation   total 4992K, used 3093K [0x23700000, 0x23c60000, 0x28c50000)
  eden space 4480K,  57% used [0x23700000, 0x239855a0, 0x23b60000)
  from space 512K, 100% used [0x23be0000, 0x23c60000, 0x23c60000)
  to   space 512K,   0% used [0x23b60000, 0x23b60000, 0x23be0000)
 tenured generation   total 10944K, used 2457K [0x28c50000, 0x29700000, 0x33700000)
   the space 10944K,  22% used [0x28c50000, 0x28eb6640, 0x28eb6800, 0x29700000)
 compacting perm gen  total 32512K, used 32477K [0x33700000, 0x356c0000, 0x37700000)
   the space 32512K,  99% used [0x33700000, 0x356b7570, 0x356b7600, 0x356c0000)
    ro space 10240K,  54% used [0x37700000, 0x37c7d9f8, 0x37c7da00, 0x38100000)
    rw space 12288K,  55% used [0x38100000, 0x387a13f8, 0x387a1400, 0x38d00000)

Dynamic libraries:
0x00400000 - 0x00424000 	C:\Program Files\Java\jdk1.6.0_24\bin\java.exe
0x76ef0000 - 0x7702d000 	C:\Windows\SYSTEM32\ntdll.dll
0x756d0000 - 0x757a4000 	C:\Windows\system32\kernel32.dll
0x752d0000 - 0x7531a000 	C:\Windows\system32\KERNELBASE.dll
0x76e40000 - 0x76ee0000 	C:\Windows\system32\ADVAPI32.dll
0x76c70000 - 0x76d1c000 	C:\Windows\system32\msvcrt.dll
0x76d20000 - 0x76d39000 	C:\Windows\SYSTEM32\sechost.dll
0x757b0000 - 0x75851000 	C:\Windows\system32\RPCRT4.dll
0x7c340000 - 0x7c396000 	C:\Program Files\Java\jdk1.6.0_24\jre\bin\msvcr71.dll
0x6d8a0000 - 0x6db46000 	C:\Program Files\Java\jdk1.6.0_24\jre\bin\client\jvm.dll
0x75920000 - 0x759e9000 	C:\Windows\system32\USER32.dll
0x75870000 - 0x758be000 	C:\Windows\system32\GDI32.dll
0x76ee0000 - 0x76eea000 	C:\Windows\system32\LPK.dll
0x76bd0000 - 0x76c6d000 	C:\Windows\system32\USP10.dll
0x6ff00000 - 0x6ff32000 	C:\Windows\system32\WINMM.dll
0x77030000 - 0x7704f000 	C:\Windows\system32\IMM32.DLL
0x77050000 - 0x7711c000 	C:\Windows\system32\MSCTF.dll
0x74f70000 - 0x74fbb000 	C:\Windows\system32\apphelp.dll
0x6d850000 - 0x6d85c000 	C:\Program Files\Java\jdk1.6.0_24\jre\bin\verify.dll
0x6d3d0000 - 0x6d3ef000 	C:\Program Files\Java\jdk1.6.0_24\jre\bin\java.dll
0x6d330000 - 0x6d338000 	C:\Program Files\Java\jdk1.6.0_24\jre\bin\hpi.dll
0x76b40000 - 0x76b45000 	C:\Windows\system32\PSAPI.DLL
0x6d890000 - 0x6d89f000 	C:\Program Files\Java\jdk1.6.0_24\jre\bin\zip.dll
0x10000000 - 0x10007000 	C:\Program Files\JetBrains\IntelliJ IDEA 10.0.2\bin\breakgen.dll
0x6d6b0000 - 0x6d6c3000 	C:\Program Files\Java\jdk1.6.0_24\jre\bin\net.dll
0x76870000 - 0x768a5000 	C:\Windows\system32\WS2_32.dll
0x75860000 - 0x75866000 	C:\Windows\system32\NSI.dll
0x74a80000 - 0x74abc000 	C:\Windows\system32\mswsock.dll
0x74a70000 - 0x74a76000 	C:\Windows\System32\wship6.dll
0x745d0000 - 0x745d5000 	C:\Windows\System32\wshtcpip.dll
0x73540000 - 0x73550000 	C:\Windows\system32\NLAapi.dll
0x74940000 - 0x74984000 	C:\Windows\system32\DNSAPI.dll
0x72690000 - 0x72698000 	C:\Windows\System32\winrnr.dll
0x72680000 - 0x72690000 	C:\Windows\system32\napinsp.dll
0x72190000 - 0x721a2000 	C:\Windows\system32\pnrpnsp.dll
0x73310000 - 0x7332c000 	C:\Windows\system32\IPHLPAPI.DLL
0x732f0000 - 0x732f7000 	C:\Windows\system32\WINNSI.DLL
0x72360000 - 0x72366000 	C:\Windows\system32\rasadhlp.dll
0x73140000 - 0x73178000 	C:\Windows\System32\fwpuclnt.dll
0x73180000 - 0x73192000 	C:\Windows\system32\dhcpcsvc.DLL
0x73210000 - 0x7321d000 	C:\Windows\system32\dhcpcsvc6.DLL
0x6d600000 - 0x6d609000 	C:\Program Files\Java\jdk1.6.0_24\jre\bin\management.dll
0x74ac0000 - 0x74ad6000 	C:\Windows\system32\CRYPTSP.dll
0x74860000 - 0x7489b000 	C:\Windows\system32\rsaenh.dll
0x746f0000 - 0x74707000 	C:\Windows\system32\USERENV.dll
0x75040000 - 0x7504b000 	C:\Windows\system32\profapi.dll
0x74fc0000 - 0x74fcc000 	C:\Windows\system32\CRYPTBASE.dll
0x6d6d0000 - 0x6d6d9000 	C:\Program Files\Java\jdk1.6.0_24\jre\bin\nio.dll
0x70000000 - 0x70135000 	C:\Program Files\YourKit Java Profiler 9.5.4\bin\win32\yjpagent.dll
0x768e0000 - 0x76937000 	C:\Windows\system32\SHLWAPI.dll
0x75c20000 - 0x76869000 	C:\Windows\system32\SHELL32.dll
0x735f0000 - 0x73611000 	C:\Windows\system32\ntmarta.dll
0x75510000 - 0x75555000 	C:\Windows\system32\WLDAP32.dll

VM Arguments:
jvm_args: -Didea.launcher.port=7532 -Didea.launcher.bin.path=C:\Program Files\JetBrains\IntelliJ IDEA 10.0.2\bin -Dfile.encoding=UTF-8 
java_command: com.intellij.rt.execution.application.AppMain fr.xebia.usiquizz.server.http.netty.HttpServer
Launcher Type: SUN_STANDARD

Environment Variables:
JAVA_HOME=C:\Program Files\Java\jdk1.6.0_24
PATH=C:\Program Files\JetBrains\IntelliJ IDEA 10.0.2\bin\..\.\bin;C:\Users\xebia\dev\apache-maven-2.2.1\bin;C:\Program Files\Java\jdk1.6.0_24\bin;C:\Windows\system32;C:\Windows;C:\Windows\System32\Wbem;C:\Windows\System32\WindowsPowerShell\v1.0\;C:\Program Files\Git\cmd;C:\Program Files\MySQL\MySQL Server 5.5\bin;C:\mysql_5.5\bin;C:\mysql5.5\bin;c:\program files\jetbrains\intellij idea 10.0.2\jre\jre\bin
USERNAME=xebia
OS=Windows_NT
PROCESSOR_IDENTIFIER=x86 Family 6 Model 23 Stepping 6, GenuineIntel



---------------  S Y S T E M  ---------------

OS: Windows 7 Build 7600 

CPU:total 2 (2 cores per cpu, 1 threads per core) family 6 model 23 stepping 6, cmov, cx8, fxsr, mmx, sse, sse2, sse3, ssse3, sse4.1

Memory: 4k page, physical 2047900k(399012k free), swap 4095800k(1617116k free)

vm_info: Java HotSpot(TM) Client VM (19.1-b02) for windows-x86 JRE (1.6.0_24-b07), built on Feb  2 2011 17:44:41 by "java_re" with MS VC++ 7.1 (VS2003)

time: Sun Feb 27 22:32:54 2011
elapsed time: 152 seconds

