
                    heapSort     bubbleSort

0               1        1 ms           0 ms
1              10        1 ms           0 ms
2             100        9 ms           1 ms
3           1 000      635 ms           7 ms
4          10 000  648 463 ms         184 ms
5         100 000           -      17 505 ms
6       1 000 000           -   1 847 369 ms
7      10 000 000           - 
8     100 000 000           - 
9   1 000 000 000           -

heapSort: plus long que quickSort mais mailleur - max: O(n log n)
bubbleSort: pas terrible, sauf si on a de la chance - min: O(n)  


heapSort
 - 10°0 - heapSort(1) -> 1 ms 
 - 10°1 - heapSort(10) -> 1 ms 
 - 10°2 - heapSort(100) -> 9 ms 
 - 10°3 - heapSort(1000) -> 635 ms 
 - 10°4 - heapSort(10000) -> 648463 ms 

bubbleSort
 - 10°0 - bubbleSort(1) -> 0 ms 
 - 10°1 - bubbleSort(10) -> 0 ms 
 - 10°2 - bubbleSort(100) -> 1 ms 
 - 10°3 - bubbleSort(1000) -> 7 ms 
 - 10°4 - bubbleSort(10000) -> 184 ms 
 - 10°5 - bubbleSort(100000) -> 17508 ms
 - 10°6 - bubbleSort(1000000) -> 1847369 ms


